Using pre-set license
Built from '2021.3/staging' branch; Version is '2021.3.22f1 (b6c551784ba3) revision 11978065'; Using compiler version '192829333'; Build Type 'Release'
OS: 'Windows 10  (10.0.19045) 64bit Education' Language: 'ko' Physical Memory: 16266 MB
BatchMode: 1, IsHumanControllingUs: 0, StartBugReporterOnCrash: 0, Is64bit: 1, IsPro: 1

COMMAND LINE ARGUMENTS:
C:\Program Files\Unity\Hub\Editor\Unity 2021.3.22f1\Editor\Unity.exe
-adb2
-batchMode
-noUpm
-name
AssetImportWorker1
-projectPath
C:/Users/Hasta/Documents/GitHub/TeamProject/My project
-logFile
Logs/AssetImportWorker1.log
-srvPort
11786
Successfully changed project path to: C:/Users/Hasta/Documents/GitHub/TeamProject/My project
C:/Users/Hasta/Documents/GitHub/TeamProject/My project
[UnityMemory] Configuration Parameters - Can be set up in boot.config
    "memorysetup-bucket-allocator-granularity=16"
    "memorysetup-bucket-allocator-bucket-count=8"
    "memorysetup-bucket-allocator-block-size=33554432"
    "memorysetup-bucket-allocator-block-count=8"
    "memorysetup-main-allocator-block-size=16777216"
    "memorysetup-thread-allocator-block-size=16777216"
    "memorysetup-gfx-main-allocator-block-size=16777216"
    "memorysetup-gfx-thread-allocator-block-size=16777216"
    "memorysetup-cache-allocator-block-size=4194304"
    "memorysetup-typetree-allocator-block-size=2097152"
    "memorysetup-profiler-bucket-allocator-granularity=16"
    "memorysetup-profiler-bucket-allocator-bucket-count=8"
    "memorysetup-profiler-bucket-allocator-block-size=33554432"
    "memorysetup-profiler-bucket-allocator-block-count=8"
    "memorysetup-profiler-allocator-block-size=16777216"
    "memorysetup-profiler-editor-allocator-block-size=1048576"
    "memorysetup-temp-allocator-size-main=16777216"
    "memorysetup-job-temp-allocator-block-size=2097152"
    "memorysetup-job-temp-allocator-block-size-background=1048576"
    "memorysetup-job-temp-allocator-reduction-small-platforms=262144"
    "memorysetup-temp-allocator-size-background-worker=32768"
    "memorysetup-temp-allocator-size-job-worker=262144"
    "memorysetup-temp-allocator-size-preload-manager=33554432"
    "memorysetup-temp-allocator-size-nav-mesh-worker=65536"
    "memorysetup-temp-allocator-size-audio-worker=65536"
    "memorysetup-temp-allocator-size-cloud-worker=32768"
    "memorysetup-temp-allocator-size-gi-baking-worker=262144"
    "memorysetup-temp-allocator-size-gfx=262144"
Player connection [26600] Host "[IP] 192.168.1.2 [Port] 0 [Flags] 2 [Guid] 1056522315 [EditorId] 1056522315 [Version] 1048832 [Id] WindowsEditor(7,DESKTOP-BHK0B32) [Debug] 1 [PackageName] WindowsEditor [ProjectName] Editor" joined multi-casting on [225.0.0.222:54997]...

Player connection [26600] Host "[IP] 192.168.1.2 [Port] 0 [Flags] 2 [Guid] 1056522315 [EditorId] 1056522315 [Version] 1048832 [Id] WindowsEditor(7,DESKTOP-BHK0B32) [Debug] 1 [PackageName] WindowsEditor [ProjectName] Editor" joined alternative multi-casting on [225.0.0.222:34997]...

Refreshing native plugins compatible for Editor in 91.13 ms, found 4 plugins.
Preloading 0 native plugins for Editor in 0.00 ms.
Initialize engine version: 2021.3.22f1 (b6c551784ba3)
[Subsystems] Discovering subsystems at path C:/Program Files/Unity/Hub/Editor/Unity 2021.3.22f1/Editor/Data/Resources/UnitySubsystems
[Subsystems] Discovering subsystems at path C:/Users/Hasta/Documents/GitHub/TeamProject/My project/Assets
GfxDevice: creating device client; threaded=0; jobified=0
Direct3D:
    Version:  Direct3D 11.0 [level 11.1]
    Renderer: NVIDIA GeForce RTX 3060 (ID=0x2503)
    Vendor:   NVIDIA
    VRAM:     12129 MB
    Driver:   31.0.15.3118
Initialize mono
Mono path[0] = 'C:/Program Files/Unity/Hub/Editor/Unity 2021.3.22f1/Editor/Data/Managed'
Mono path[1] = 'C:/Program Files/Unity/Hub/Editor/Unity 2021.3.22f1/Editor/Data/MonoBleedingEdge/lib/mono/unityjit-win32'
Mono config path = 'C:/Program Files/Unity/Hub/Editor/Unity 2021.3.22f1/Editor/Data/MonoBleedingEdge/etc'
Using monoOptions --debugger-agent=transport=dt_socket,embedding=1,server=y,suspend=n,address=127.0.0.1:56004
Begin MonoManager ReloadAssembly
Registering precompiled unity dll's ...
Register platform support module: C:/Program Files/Unity/Hub/Editor/Unity 2021.3.22f1/Editor/Data/PlaybackEngines/WindowsStandaloneSupport/UnityEditor.WindowsStandalone.Extensions.dll
Registered in 0.010960 seconds.
Native extension for WindowsStandalone target not found
Refreshing native plugins compatible for Editor in 96.00 ms, found 4 plugins.
Preloading 0 native plugins for Editor in 0.00 ms.
Mono: successfully reloaded assembly
- Completed reload, in  0.644 seconds
Domain Reload Profiling:
	ReloadAssembly (644ms)
		BeginReloadAssembly (93ms)
			ExecutionOrderSort (0ms)
			DisableScriptedObjects (0ms)
			BackupInstance (0ms)
			ReleaseScriptingObjects (0ms)
			CreateAndSetChildDomain (1ms)
		EndReloadAssembly (442ms)
			LoadAssemblies (89ms)
			RebuildTransferFunctionScriptingTraits (0ms)
			SetupTypeCache (98ms)
			ReleaseScriptCaches (0ms)
			RebuildScriptCaches (24ms)
			SetupLoadedEditorAssemblies (269ms)
				LogAssemblyErrors (0ms)
				InitializePlatformSupportModulesInManaged (8ms)
				SetLoadedEditorAssemblies (0ms)
				RefreshPlugins (96ms)
				BeforeProcessingInitializeOnLoad (1ms)
				ProcessInitializeOnLoadAttributes (112ms)
				ProcessInitializeOnLoadMethodAttributes (51ms)
				AfterProcessingInitializeOnLoad (0ms)
				EditorAssembliesLoaded (0ms)
			ExecutionOrderSort2 (0ms)
			AwakeInstancesAfterBackupRestoration (0ms)
Platform modules already initialized, skipping
Registering precompiled user dll's ...
Registered in 0.009884 seconds.
Begin MonoManager ReloadAssembly
Symbol file LoadedFromMemory doesn't match image C:\Users\Hasta\Documents\GitHub\TeamProject\My project\Library\PackageCache\com.unity.visualscripting@1.8.0\Editor\VisualScripting.Core\Dependencies\YamlDotNet\Unity.VisualScripting.YamlDotNet.dll
Symbol file LoadedFromMemory doesn't match image C:\Users\Hasta\Documents\GitHub\TeamProject\My project\Library\PackageCache\com.unity.visualscripting@1.8.0\Editor\VisualScripting.Core\Dependencies\DotNetZip\Unity.VisualScripting.IonicZip.dll
Native extension for WindowsStandalone target not found
Refreshing native plugins compatible for Editor in 91.01 ms, found 4 plugins.
Preloading 0 native plugins for Editor in 0.00 ms.
Mono: successfully reloaded assembly
- Completed reload, in  1.098 seconds
Domain Reload Profiling:
	ReloadAssembly (1099ms)
		BeginReloadAssembly (125ms)
			ExecutionOrderSort (0ms)
			DisableScriptedObjects (5ms)
			BackupInstance (0ms)
			ReleaseScriptingObjects (0ms)
			CreateAndSetChildDomain (18ms)
		EndReloadAssembly (864ms)
			LoadAssemblies (114ms)
			RebuildTransferFunctionScriptingTraits (0ms)
			SetupTypeCache (220ms)
			ReleaseScriptCaches (1ms)
			RebuildScriptCaches (52ms)
			SetupLoadedEditorAssemblies (451ms)
				LogAssemblyErrors (0ms)
				InitializePlatformSupportModulesInManaged (6ms)
				SetLoadedEditorAssemblies (0ms)
				RefreshPlugins (91ms)
				BeforeProcessingInitializeOnLoad (105ms)
				ProcessInitializeOnLoadAttributes (203ms)
				ProcessInitializeOnLoadMethodAttributes (33ms)
				AfterProcessingInitializeOnLoad (13ms)
				EditorAssembliesLoaded (0ms)
			ExecutionOrderSort2 (0ms)
			AwakeInstancesAfterBackupRestoration (12ms)
Platform modules already initialized, skipping
========================================================================
Worker process is ready to serve import requests
Launched and connected shader compiler UnityShaderCompiler.exe after 0.05 seconds
Refreshing native plugins compatible for Editor in 0.64 ms, found 4 plugins.
Preloading 0 native plugins for Editor in 0.00 ms.
Unloading 3782 Unused Serialized files (Serialized files now loaded: 0)
Unloading 41 unused Assets / (229.4 KB). Loaded Objects now: 4237.
Memory consumption went from 146.5 MB to 146.3 MB.
Total: 2.930800 ms (FindLiveObjects: 0.415100 ms CreateObjectMapping: 0.295300 ms MarkObjects: 2.057600 ms  DeleteObjects: 0.161900 ms)

AssetImportParameters requested are different than current active one (requested -> active):
  custom:video-decoder-ogg-theora: a1e56fd34408186e4bbccfd4996cb3dc -> 
  custom:container-muxer-webm: aa71ff27fc2769a1b78a27578f13a17b -> 
  custom:container-demuxer-webm: 4f35f7cbe854078d1ac9338744f61a02 -> 
  custom:video-encoder-webm-vp8: eb34c28f22e8b96e1ab97ce403110664 -> 
  custom:audio-encoder-webm-vorbis: bf7c407c2cedff20999df2af8eb42d56 -> 
  custom:framework-win-MediaFoundation: 216162199b28c13a410421893ffa2e32 -> 
  custom:container-demuxer-ogg: 62fdf1f143b41e24485cea50d1cbac27 -> 
  custom:video-decoder-webm-vp8: 9c59270c3fd7afecdb556c50c9e8de78 -> 
  custom:audio-decoder-ogg-vorbis: bf7c407c2cedff20999df2af8eb42d56 -> 
========================================================================
Received Import Request.
  Time since last request: 129737.160503 seconds.
  path: Assets/Scenes/Level1.unity
  artifactKey: Guid(b57a5fcd774c99a4fb325b238815ce9c) Importer(815301076,1909f56bfc062723c751e8b465ee728b)
Start importing Assets/Scenes/Level1.unity using Guid(b57a5fcd774c99a4fb325b238815ce9c) Importer(815301076,1909f56bfc062723c751e8b465ee728b)  -> (artifact id: 'dd006b436dfb8fd6f170c9398177724b') in 0.013222 seconds 
========================================================================
Received Import Request.
  Time since last request: 28.034495 seconds.
  path: Assets/Image/NPCAnim/범죄자/범죄자_오른쪽방향/범죄자_오른쪽방향_2.png
  artifactKey: Guid(161e9955ed14ae8409febf2890d1c498) Importer(815301076,1909f56bfc062723c751e8b465ee728b)
Start importing Assets/Image/NPCAnim/범죄자/범죄자_오른쪽방향/범죄자_오른쪽방향_2.png using Guid(161e9955ed14ae8409febf2890d1c498) Importer(815301076,1909f56bfc062723c751e8b465ee728b)  -> (artifact id: 'dcb18c5155435f17e012598a8cae3ce3') in 0.160756 seconds 
========================================================================
Received Import Request.
  Time since last request: 0.000029 seconds.
  path: Assets/Image/NPCAnim/범죄자/범죄자_오른쪽방향/범죄자_오른쪽방향_6.png
  artifactKey: Guid(630d71a822dc3cf45ae1c1eb3ba166ca) Importer(815301076,1909f56bfc062723c751e8b465ee728b)
Start importing Assets/Image/NPCAnim/범죄자/범죄자_오른쪽방향/범죄자_오른쪽방향_6.png using Guid(630d71a822dc3cf45ae1c1eb3ba166ca) Importer(815301076,1909f56bfc062723c751e8b465ee728b)  -> (artifact id: '5253334ed3375e4fd887d399a1c41f9d') in 0.023477 seconds 
========================================================================
Received Import Request.
  Time since last request: 0.000029 seconds.
  path: Assets/Image/NPCAnim/범죄자/범죄자_오른쪽방향/범죄자_오른쪽방향_4.png
  artifactKey: Guid(d5b00c2748f75d74a9328db9c380981b) Importer(815301076,1909f56bfc062723c751e8b465ee728b)
Start importing Assets/Image/NPCAnim/범죄자/범죄자_오른쪽방향/범죄자_오른쪽방향_4.png using Guid(d5b00c2748f75d74a9328db9c380981b) Importer(815301076,1909f56bfc062723c751e8b465ee728b)  -> (artifact id: '0ef55c211068644c8f8bbc2514509ab8') in 0.021872 seconds 
========================================================================
Received Import Request.
  Time since last request: 2.968809 seconds.
  path: Assets/Image/NPCAnim/범죄자/범죄자_왼쪽방향/범죄자_왼쪽방향_2.png
  artifactKey: Guid(a5cc3151f03a47347a7d8a027abe4062) Importer(815301076,1909f56bfc062723c751e8b465ee728b)
Start importing Assets/Image/NPCAnim/범죄자/범죄자_왼쪽방향/범죄자_왼쪽방향_2.png using Guid(a5cc3151f03a47347a7d8a027abe4062) Importer(815301076,1909f56bfc062723c751e8b465ee728b)  -> (artifact id: 'dc220542586f66d0ed0dd3d261100aa6') in 0.017851 seconds 
========================================================================
Received Import Request.
  Time since last request: 0.000015 seconds.
  path: Assets/Image/NPCAnim/범죄자/범죄자_왼쪽방향/범죄자_왼쪽방향_5.png
  artifactKey: Guid(21c8af5c523e09f4482041372f1e37b6) Importer(815301076,1909f56bfc062723c751e8b465ee728b)
Start importing Assets/Image/NPCAnim/범죄자/범죄자_왼쪽방향/범죄자_왼쪽방향_5.png using Guid(21c8af5c523e09f4482041372f1e37b6) Importer(815301076,1909f56bfc062723c751e8b465ee728b)  -> (artifact id: 'fafa476ff2fc19e021e0201838dd1270') in 0.018832 seconds 
========================================================================
Received Import Request.
  Time since last request: 0.000035 seconds.
  path: Assets/Image/NPCAnim/범죄자/범죄자_왼쪽방향/범죄자_왼쪽방향_6.png
  artifactKey: Guid(54d7aa68273940d40ad4d59d2be608f9) Importer(815301076,1909f56bfc062723c751e8b465ee728b)
Start importing Assets/Image/NPCAnim/범죄자/범죄자_왼쪽방향/범죄자_왼쪽방향_6.png using Guid(54d7aa68273940d40ad4d59d2be608f9) Importer(815301076,1909f56bfc062723c751e8b465ee728b)  -> (artifact id: 'c7b92025569fd0e04b47f66ed76431eb') in 0.020162 seconds 
Editor requested this worker to shutdown with reason: Scaling down because of idle timeout
AssetImportWorker is now disconnected from the server
Process exiting
Exiting without the bug reporter. Application will terminate with return code 0